2021/07/13 13:58:30 にビルドを開始しました。
     1>ノード 2 上のプロジェクト "C:\Users\81803\OneDrive\デスクトップ\GP\GameProgramming\ゲームプログラミング実習2021\GameProgramming\GameProgramming.vcxproj" (Build ターゲット)。
     1>ClCompile:
         C:\Program Files (x86)\Microsoft Visual Studio 12.0\VC\bin\CL.exe /c /ZI /nologo /W3 /WX- /Od /Oy- /D WIN32 /D _DEBUG /D _CONSOLE /D _LIB /Gm /EHsc /RTC1 /MDd /GS /fp:precise /Zc:wchar_t /Zc:forScope /Fo"Debug\\" /Fd"Debug\vc120.pdb" /Gd /TP /analyze- /errorReport:prompt CBillBoard.cpp CBullet.cpp CCamera.cpp CCharacter.cpp CCollider.cpp CColliderLine.cpp CColliderMesh.cpp CColliderTriangle.cpp CCollisionManager.cpp CEffect.cpp CEnemy.cpp CEnemy2.cpp CMaterial.cpp CMatrix.cpp CModel.cpp CModelX.cpp CPlayer.cpp CRes.cpp CSceneGame.cpp CTransform.cpp CTriangle.cpp CVector.cpp
         CVector.cpp
         CTriangle.cpp
         CTransform.cpp
         CModelX.cpp
     1>c:\users\81803\onedrive\デスクトップ\gp\gameprogramming\ゲームプログラミング実習2021\gameprogramming\cmodelx.h(72): warning C4018: '<' : signed と unsigned の数値を比較しようとしました。
     1>c:\users\81803\onedrive\デスクトップ\gp\gameprogramming\ゲームプログラミング実習2021\gameprogramming\cmodelx.h(115): error C2143: 構文エラー : ';' が '*' の前にありません。
     1>c:\users\81803\onedrive\デスクトップ\gp\gameprogramming\ゲームプログラミング実習2021\gameprogramming\cmodelx.h(115): error C4430: 型指定子がありません - int と仮定しました。メモ: C++ は int を既定値としてサポートしていません
     1>c:\users\81803\onedrive\デスクトップ\gp\gameprogramming\ゲームプログラミング実習2021\gameprogramming\cmodelx.h(124): error C2065: 'mpKey' : 定義されていない識別子です。
     1>c:\users\81803\onedrive\デスクトップ\gp\gameprogramming\ゲームプログラミング実習2021\gameprogramming\cmodelx.h(124): error C2541: 'delete' : ポインターではないオブジェクトを削除することはできません。
     1>c:\users\81803\onedrive\デスクトップ\gp\gameprogramming\ゲームプログラミング実習2021\gameprogramming\cmodelx.h(146): warning C4018: '<' : signed と unsigned の数値を比較しようとしました。
     1>c:\users\81803\onedrive\デスクトップ\gp\gameprogramming\ゲームプログラミング実習2021\gameprogramming\cmodelx.h(180): warning C4018: '<' : signed と unsigned の数値を比較しようとしました。
     1>c:\users\81803\onedrive\デスクトップ\gp\gameprogramming\ゲームプログラミング実習2021\gameprogramming\cmodelx.cpp(176): warning C4067: プリプロセッサ ディレクティブの後に余分な文字がありました - 改行が必要です
     1>c:\users\81803\onedrive\デスクトップ\gp\gameprogramming\ゲームプログラミング実習2021\gameprogramming\cmodelx.cpp(363): warning C4018: '<' : signed と unsigned の数値を比較しようとしました。
     1>c:\users\81803\onedrive\デスクトップ\gp\gameprogramming\ゲームプログラミング実習2021\gameprogramming\cmodelx.cpp(445): error C2614: 'CAnimation' : イニシャライズ リスト内のクラス 'mpKey' が基底クラスでもメンバーでもありません。
     1>c:\users\81803\onedrive\デスクトップ\gp\gameprogramming\ゲームプログラミング実習2021\gameprogramming\cmodelx.cpp(475): error C2143: 構文エラー : ':' が ';' の前にありません。
         CMatrix.cpp
     1>c:\users\81803\onedrive\デスクトップ\gp\gameprogramming\ゲームプログラミング実習2021\gameprogramming\cmatrix.cpp(57): warning C4244: '初期化中' : 'double' から 'float' への変換です。データが失われる可能性があります。
     1>c:\users\81803\onedrive\デスクトップ\gp\gameprogramming\ゲームプログラミング実習2021\gameprogramming\cmatrix.cpp(73): warning C4244: '初期化中' : 'double' から 'float' への変換です。データが失われる可能性があります。
     1>c:\users\81803\onedrive\デスクトップ\gp\gameprogramming\ゲームプログラミング実習2021\gameprogramming\cmatrix.cpp(88): warning C4244: '初期化中' : 'double' から 'float' への変換です。データが失われる可能性があります。
         CCamera.cpp
         コードを生成中...
         コンパイル中...
         CBillBoard.cpp
     1>c:\users\81803\onedrive\デスクトップ\gp\gameprogramming\ゲームプログラミング実習2021\gameprogramming\cmodelx.h(72): warning C4018: '<' : signed と unsigned の数値を比較しようとしました。
     1>c:\users\81803\onedrive\デスクトップ\gp\gameprogramming\ゲームプログラミング実習2021\gameprogramming\cmodelx.h(115): error C2143: 構文エラー : ';' が '*' の前にありません。
     1>c:\users\81803\onedrive\デスクトップ\gp\gameprogramming\ゲームプログラミング実習2021\gameprogramming\cmodelx.h(115): error C4430: 型指定子がありません - int と仮定しました。メモ: C++ は int を既定値としてサポートしていません
     1>c:\users\81803\onedrive\デスクトップ\gp\gameprogramming\ゲームプログラミング実習2021\gameprogramming\cmodelx.h(124): error C2065: 'mpKey' : 定義されていない識別子です。
     1>c:\users\81803\onedrive\デスクトップ\gp\gameprogramming\ゲームプログラミング実習2021\gameprogramming\cmodelx.h(124): error C2541: 'delete' : ポインターではないオブジェクトを削除することはできません。
     1>c:\users\81803\onedrive\デスクトップ\gp\gameprogramming\ゲームプログラミング実習2021\gameprogramming\cmodelx.h(146): warning C4018: '<' : signed と unsigned の数値を比較しようとしました。
     1>c:\users\81803\onedrive\デスクトップ\gp\gameprogramming\ゲームプログラミング実習2021\gameprogramming\cmodelx.h(180): warning C4018: '<' : signed と unsigned の数値を比較しようとしました。
         コードを生成中...
         コンパイル中...
         CBullet.cpp
     1>c:\users\81803\onedrive\デスクトップ\gp\gameprogramming\ゲームプログラミング実習2021\gameprogramming\cmodelx.h(72): warning C4018: '<' : signed と unsigned の数値を比較しようとしました。
     1>c:\users\81803\onedrive\デスクトップ\gp\gameprogramming\ゲームプログラミング実習2021\gameprogramming\cmodelx.h(115): error C2143: 構文エラー : ';' が '*' の前にありません。
     1>c:\users\81803\onedrive\デスクトップ\gp\gameprogramming\ゲームプログラミング実習2021\gameprogramming\cmodelx.h(115): error C4430: 型指定子がありません - int と仮定しました。メモ: C++ は int を既定値としてサポートしていません
     1>c:\users\81803\onedrive\デスクトップ\gp\gameprogramming\ゲームプログラミング実習2021\gameprogramming\cmodelx.h(124): error C2065: 'mpKey' : 定義されていない識別子です。
     1>c:\users\81803\onedrive\デスクトップ\gp\gameprogramming\ゲームプログラミング実習2021\gameprogramming\cmodelx.h(124): error C2541: 'delete' : ポインターではないオブジェクトを削除することはできません。
     1>c:\users\81803\onedrive\デスクトップ\gp\gameprogramming\ゲームプログラミング実習2021\gameprogramming\cmodelx.h(146): warning C4018: '<' : signed と unsigned の数値を比較しようとしました。
     1>c:\users\81803\onedrive\デスクトップ\gp\gameprogramming\ゲームプログラミング実習2021\gameprogramming\cmodelx.h(180): warning C4018: '<' : signed と unsigned の数値を比較しようとしました。
         コードを生成中...
         コンパイル中...
         CCharacter.cpp
     1>c:\users\81803\onedrive\デスクトップ\gp\gameprogramming\ゲームプログラミング実習2021\gameprogramming\cmodelx.h(72): warning C4018: '<' : signed と unsigned の数値を比較しようとしました。
     1>c:\users\81803\onedrive\デスクトップ\gp\gameprogramming\ゲームプログラミング実習2021\gameprogramming\cmodelx.h(115): error C2143: 構文エラー : ';' が '*' の前にありません。
     1>c:\users\81803\onedrive\デスクトップ\gp\gameprogramming\ゲームプログラミング実習2021\gameprogramming\cmodelx.h(115): error C4430: 型指定子がありません - int と仮定しました。メモ: C++ は int を既定値としてサポートしていません
     1>c:\users\81803\onedrive\デスクトップ\gp\gameprogramming\ゲームプログラミング実習2021\gameprogramming\cmodelx.h(124): error C2065: 'mpKey' : 定義されていない識別子です。
     1>c:\users\81803\onedrive\デスクトップ\gp\gameprogramming\ゲームプログラミング実習2021\gameprogramming\cmodelx.h(124): error C2541: 'delete' : ポインターではないオブジェクトを削除することはできません。
     1>c:\users\81803\onedrive\デスクトップ\gp\gameprogramming\ゲームプログラミング実習2021\gameprogramming\cmodelx.h(146): warning C4018: '<' : signed と unsigned の数値を比較しようとしました。
     1>c:\users\81803\onedrive\デスクトップ\gp\gameprogramming\ゲームプログラミング実習2021\gameprogramming\cmodelx.h(180): warning C4018: '<' : signed と unsigned の数値を比較しようとしました。
         コードを生成中...
         コンパイル中...
         CCollider.cpp
     1>c:\users\81803\onedrive\デスクトップ\gp\gameprogramming\ゲームプログラミング実習2021\gameprogramming\cmodelx.h(72): warning C4018: '<' : signed と unsigned の数値を比較しようとしました。
     1>c:\users\81803\onedrive\デスクトップ\gp\gameprogramming\ゲームプログラミング実習2021\gameprogramming\cmodelx.h(115): error C2143: 構文エラー : ';' が '*' の前にありません。
     1>c:\users\81803\onedrive\デスクトップ\gp\gameprogramming\ゲームプログラミング実習2021\gameprogramming\cmodelx.h(115): error C4430: 型指定子がありません - int と仮定しました。メモ: C++ は int を既定値としてサポートしていません
     1>c:\users\81803\onedrive\デスクトップ\gp\gameprogramming\ゲームプログラミング実習2021\gameprogramming\cmodelx.h(124): error C2065: 'mpKey' : 定義されていない識別子です。
     1>c:\users\81803\onedrive\デスクトップ\gp\gameprogramming\ゲームプログラミング実習2021\gameprogramming\cmodelx.h(124): error C2541: 'delete' : ポインターではないオブジェクトを削除することはできません。
     1>c:\users\81803\onedrive\デスクトップ\gp\gameprogramming\ゲームプログラミング実習2021\gameprogramming\cmodelx.h(146): warning C4018: '<' : signed と unsigned の数値を比較しようとしました。
     1>c:\users\81803\onedrive\デスクトップ\gp\gameprogramming\ゲームプログラミング実習2021\gameprogramming\cmodelx.h(180): warning C4018: '<' : signed と unsigned の数値を比較しようとしました。
         コードを生成中...
         コンパイル中...
         CColliderLine.cpp
     1>c:\users\81803\onedrive\デスクトップ\gp\gameprogramming\ゲームプログラミング実習2021\gameprogramming\cmodelx.h(72): warning C4018: '<' : signed と unsigned の数値を比較しようとしました。
     1>c:\users\81803\onedrive\デスクトップ\gp\gameprogramming\ゲームプログラミング実習2021\gameprogramming\cmodelx.h(115): error C2143: 構文エラー : ';' が '*' の前にありません。
     1>c:\users\81803\onedrive\デスクトップ\gp\gameprogramming\ゲームプログラミング実習2021\gameprogramming\cmodelx.h(115): error C4430: 型指定子がありません - int と仮定しました。メモ: C++ は int を既定値としてサポートしていません
     1>c:\users\81803\onedrive\デスクトップ\gp\gameprogramming\ゲームプログラミング実習2021\gameprogramming\cmodelx.h(124): error C2065: 'mpKey' : 定義されていない識別子です。
     1>c:\users\81803\onedrive\デスクトップ\gp\gameprogramming\ゲームプログラミング実習2021\gameprogramming\cmodelx.h(124): error C2541: 'delete' : ポインターではないオブジェクトを削除することはできません。
     1>c:\users\81803\onedrive\デスクトップ\gp\gameprogramming\ゲームプログラミング実習2021\gameprogramming\cmodelx.h(146): warning C4018: '<' : signed と unsigned の数値を比較しようとしました。
     1>c:\users\81803\onedrive\デスクトップ\gp\gameprogramming\ゲームプログラミング実習2021\gameprogramming\cmodelx.h(180): warning C4018: '<' : signed と unsigned の数値を比較しようとしました。
         コードを生成中...
         コンパイル中...
         CColliderMesh.cpp
     1>c:\users\81803\onedrive\デスクトップ\gp\gameprogramming\ゲームプログラミング実習2021\gameprogramming\cmodelx.h(72): warning C4018: '<' : signed と unsigned の数値を比較しようとしました。
     1>c:\users\81803\onedrive\デスクトップ\gp\gameprogramming\ゲームプログラミング実習2021\gameprogramming\cmodelx.h(115): error C2143: 構文エラー : ';' が '*' の前にありません。
     1>c:\users\81803\onedrive\デスクトップ\gp\gameprogramming\ゲームプログラミング実習2021\gameprogramming\cmodelx.h(115): error C4430: 型指定子がありません - int と仮定しました。メモ: C++ は int を既定値としてサポートしていません
     1>c:\users\81803\onedrive\デスクトップ\gp\gameprogramming\ゲームプログラミング実習2021\gameprogramming\cmodelx.h(124): error C2065: 'mpKey' : 定義されていない識別子です。
     1>c:\users\81803\onedrive\デスクトップ\gp\gameprogramming\ゲームプログラミング実習2021\gameprogramming\cmodelx.h(124): error C2541: 'delete' : ポインターではないオブジェクトを削除することはできません。
     1>c:\users\81803\onedrive\デスクトップ\gp\gameprogramming\ゲームプログラミング実習2021\gameprogramming\cmodelx.h(146): warning C4018: '<' : signed と unsigned の数値を比較しようとしました。
     1>c:\users\81803\onedrive\デスクトップ\gp\gameprogramming\ゲームプログラミング実習2021\gameprogramming\cmodelx.h(180): warning C4018: '<' : signed と unsigned の数値を比較しようとしました。
     1>c:\users\81803\onedrive\デスクトップ\gp\gameprogramming\ゲームプログラミング実習2021\gameprogramming\ccollidermesh.cpp(21): warning C4018: '<' : signed と unsigned の数値を比較しようとしました。
         コードを生成中...
         コンパイル中...
         CColliderTriangle.cpp
     1>c:\users\81803\onedrive\デスクトップ\gp\gameprogramming\ゲームプログラミング実習2021\gameprogramming\cmodelx.h(72): warning C4018: '<' : signed と unsigned の数値を比較しようとしました。
     1>c:\users\81803\onedrive\デスクトップ\gp\gameprogramming\ゲームプログラミング実習2021\gameprogramming\cmodelx.h(115): error C2143: 構文エラー : ';' が '*' の前にありません。
     1>c:\users\81803\onedrive\デスクトップ\gp\gameprogramming\ゲームプログラミング実習2021\gameprogramming\cmodelx.h(115): error C4430: 型指定子がありません - int と仮定しました。メモ: C++ は int を既定値としてサポートしていません
     1>c:\users\81803\onedrive\デスクトップ\gp\gameprogramming\ゲームプログラミング実習2021\gameprogramming\cmodelx.h(124): error C2065: 'mpKey' : 定義されていない識別子です。
     1>c:\users\81803\onedrive\デスクトップ\gp\gameprogramming\ゲームプログラミング実習2021\gameprogramming\cmodelx.h(124): error C2541: 'delete' : ポインターではないオブジェクトを削除することはできません。
     1>c:\users\81803\onedrive\デスクトップ\gp\gameprogramming\ゲームプログラミング実習2021\gameprogramming\cmodelx.h(146): warning C4018: '<' : signed と unsigned の数値を比較しようとしました。
     1>c:\users\81803\onedrive\デスクトップ\gp\gameprogramming\ゲームプログラミング実習2021\gameprogramming\cmodelx.h(180): warning C4018: '<' : signed と unsigned の数値を比較しようとしました。
         コードを生成中...
         コンパイル中...
         CCollisionManager.cpp
     1>c:\users\81803\onedrive\デスクトップ\gp\gameprogramming\ゲームプログラミング実習2021\gameprogramming\cmodelx.h(72): warning C4018: '<' : signed と unsigned の数値を比較しようとしました。
     1>c:\users\81803\onedrive\デスクトップ\gp\gameprogramming\ゲームプログラミング実習2021\gameprogramming\cmodelx.h(115): error C2143: 構文エラー : ';' が '*' の前にありません。
     1>c:\users\81803\onedrive\デスクトップ\gp\gameprogramming\ゲームプログラミング実習2021\gameprogramming\cmodelx.h(115): error C4430: 型指定子がありません - int と仮定しました。メモ: C++ は int を既定値としてサポートしていません
     1>c:\users\81803\onedrive\デスクトップ\gp\gameprogramming\ゲームプログラミング実習2021\gameprogramming\cmodelx.h(124): error C2065: 'mpKey' : 定義されていない識別子です。
     1>c:\users\81803\onedrive\デスクトップ\gp\gameprogramming\ゲームプログラミング実習2021\gameprogramming\cmodelx.h(124): error C2541: 'delete' : ポインターではないオブジェクトを削除することはできません。
     1>c:\users\81803\onedrive\デスクトップ\gp\gameprogramming\ゲームプログラミング実習2021\gameprogramming\cmodelx.h(146): warning C4018: '<' : signed と unsigned の数値を比較しようとしました。
     1>c:\users\81803\onedrive\デスクトップ\gp\gameprogramming\ゲームプログラミング実習2021\gameprogramming\cmodelx.h(180): warning C4018: '<' : signed と unsigned の数値を比較しようとしました。
         コードを生成中...
         コンパイル中...
         CEffect.cpp
     1>c:\users\81803\onedrive\デスクトップ\gp\gameprogramming\ゲームプログラミング実習2021\gameprogramming\cmodelx.h(72): warning C4018: '<' : signed と unsigned の数値を比較しようとしました。
     1>c:\users\81803\onedrive\デスクトップ\gp\gameprogramming\ゲームプログラミング実習2021\gameprogramming\cmodelx.h(115): error C2143: 構文エラー : ';' が '*' の前にありません。
     1>c:\users\81803\onedrive\デスクトップ\gp\gameprogramming\ゲームプログラミング実習2021\gameprogramming\cmodelx.h(115): error C4430: 型指定子がありません - int と仮定しました。メモ: C++ は int を既定値としてサポートしていません
     1>c:\users\81803\onedrive\デスクトップ\gp\gameprogramming\ゲームプログラミング実習2021\gameprogramming\cmodelx.h(124): error C2065: 'mpKey' : 定義されていない識別子です。
     1>c:\users\81803\onedrive\デスクトップ\gp\gameprogramming\ゲームプログラミング実習2021\gameprogramming\cmodelx.h(124): error C2541: 'delete' : ポインターではないオブジェクトを削除することはできません。
     1>c:\users\81803\onedrive\デスクトップ\gp\gameprogramming\ゲームプログラミング実習2021\gameprogramming\cmodelx.h(146): warning C4018: '<' : signed と unsigned の数値を比較しようとしました。
     1>c:\users\81803\onedrive\デスクトップ\gp\gameprogramming\ゲームプログラミング実習2021\gameprogramming\cmodelx.h(180): warning C4018: '<' : signed と unsigned の数値を比較しようとしました。
         コードを生成中...
         コンパイル中...
         CEnemy.cpp
     1>c:\users\81803\onedrive\デスクトップ\gp\gameprogramming\ゲームプログラミング実習2021\gameprogramming\cmodelx.h(72): warning C4018: '<' : signed と unsigned の数値を比較しようとしました。
     1>c:\users\81803\onedrive\デスクトップ\gp\gameprogramming\ゲームプログラミング実習2021\gameprogramming\cmodelx.h(115): error C2143: 構文エラー : ';' が '*' の前にありません。
     1>c:\users\81803\onedrive\デスクトップ\gp\gameprogramming\ゲームプログラミング実習2021\gameprogramming\cmodelx.h(115): error C4430: 型指定子がありません - int と仮定しました。メモ: C++ は int を既定値としてサポートしていません
     1>c:\users\81803\onedrive\デスクトップ\gp\gameprogramming\ゲームプログラミング実習2021\gameprogramming\cmodelx.h(124): error C2065: 'mpKey' : 定義されていない識別子です。
     1>c:\users\81803\onedrive\デスクトップ\gp\gameprogramming\ゲームプログラミング実習2021\gameprogramming\cmodelx.h(124): error C2541: 'delete' : ポインターではないオブジェクトを削除することはできません。
     1>c:\users\81803\onedrive\デスクトップ\gp\gameprogramming\ゲームプログラミング実習2021\gameprogramming\cmodelx.h(146): warning C4018: '<' : signed と unsigned の数値を比較しようとしました。
     1>c:\users\81803\onedrive\デスクトップ\gp\gameprogramming\ゲームプログラミング実習2021\gameprogramming\cmodelx.h(180): warning C4018: '<' : signed と unsigned の数値を比較しようとしました。
         コードを生成中...
         コンパイル中...
         CEnemy2.cpp
     1>c:\users\81803\onedrive\デスクトップ\gp\gameprogramming\ゲームプログラミング実習2021\gameprogramming\cmodelx.h(72): warning C4018: '<' : signed と unsigned の数値を比較しようとしました。
     1>c:\users\81803\onedrive\デスクトップ\gp\gameprogramming\ゲームプログラミング実習2021\gameprogramming\cmodelx.h(115): error C2143: 構文エラー : ';' が '*' の前にありません。
     1>c:\users\81803\onedrive\デスクトップ\gp\gameprogramming\ゲームプログラミング実習2021\gameprogramming\cmodelx.h(115): error C4430: 型指定子がありません - int と仮定しました。メモ: C++ は int を既定値としてサポートしていません
     1>c:\users\81803\onedrive\デスクトップ\gp\gameprogramming\ゲームプログラミング実習2021\gameprogramming\cmodelx.h(124): error C2065: 'mpKey' : 定義されていない識別子です。
     1>c:\users\81803\onedrive\デスクトップ\gp\gameprogramming\ゲームプログラミング実習2021\gameprogramming\cmodelx.h(124): error C2541: 'delete' : ポインターではないオブジェクトを削除することはできません。
     1>c:\users\81803\onedrive\デスクトップ\gp\gameprogramming\ゲームプログラミング実習2021\gameprogramming\cmodelx.h(146): warning C4018: '<' : signed と unsigned の数値を比較しようとしました。
     1>c:\users\81803\onedrive\デスクトップ\gp\gameprogramming\ゲームプログラミング実習2021\gameprogramming\cmodelx.h(180): warning C4018: '<' : signed と unsigned の数値を比較しようとしました。
         コードを生成中...
         コンパイル中...
         CMaterial.cpp
     1>c:\users\81803\onedrive\デスクトップ\gp\gameprogramming\ゲームプログラミング実習2021\gameprogramming\cmodelx.h(72): warning C4018: '<' : signed と unsigned の数値を比較しようとしました。
     1>c:\users\81803\onedrive\デスクトップ\gp\gameprogramming\ゲームプログラミング実習2021\gameprogramming\cmodelx.h(115): error C2143: 構文エラー : ';' が '*' の前にありません。
     1>c:\users\81803\onedrive\デスクトップ\gp\gameprogramming\ゲームプログラミング実習2021\gameprogramming\cmodelx.h(115): error C4430: 型指定子がありません - int と仮定しました。メモ: C++ は int を既定値としてサポートしていません
     1>c:\users\81803\onedrive\デスクトップ\gp\gameprogramming\ゲームプログラミング実習2021\gameprogramming\cmodelx.h(124): error C2065: 'mpKey' : 定義されていない識別子です。
     1>c:\users\81803\onedrive\デスクトップ\gp\gameprogramming\ゲームプログラミング実習2021\gameprogramming\cmodelx.h(124): error C2541: 'delete' : ポインターではないオブジェクトを削除することはできません。
     1>c:\users\81803\onedrive\デスクトップ\gp\gameprogramming\ゲームプログラミング実習2021\gameprogramming\cmodelx.h(146): warning C4018: '<' : signed と unsigned の数値を比較しようとしました。
     1>c:\users\81803\onedrive\デスクトップ\gp\gameprogramming\ゲームプログラミング実習2021\gameprogramming\cmodelx.h(180): warning C4018: '<' : signed と unsigned の数値を比較しようとしました。
         コードを生成中...
         コンパイル中...
         CModel.cpp
     1>c:\users\81803\onedrive\デスクトップ\gp\gameprogramming\ゲームプログラミング実習2021\gameprogramming\cmodelx.h(72): warning C4018: '<' : signed と unsigned の数値を比較しようとしました。
     1>c:\users\81803\onedrive\デスクトップ\gp\gameprogramming\ゲームプログラミング実習2021\gameprogramming\cmodelx.h(115): error C2143: 構文エラー : ';' が '*' の前にありません。
     1>c:\users\81803\onedrive\デスクトップ\gp\gameprogramming\ゲームプログラミング実習2021\gameprogramming\cmodelx.h(115): error C4430: 型指定子がありません - int と仮定しました。メモ: C++ は int を既定値としてサポートしていません
     1>c:\users\81803\onedrive\デスクトップ\gp\gameprogramming\ゲームプログラミング実習2021\gameprogramming\cmodelx.h(124): error C2065: 'mpKey' : 定義されていない識別子です。
     1>c:\users\81803\onedrive\デスクトップ\gp\gameprogramming\ゲームプログラミング実習2021\gameprogramming\cmodelx.h(124): error C2541: 'delete' : ポインターではないオブジェクトを削除することはできません。
     1>c:\users\81803\onedrive\デスクトップ\gp\gameprogramming\ゲームプログラミング実習2021\gameprogramming\cmodelx.h(146): warning C4018: '<' : signed と unsigned の数値を比較しようとしました。
     1>c:\users\81803\onedrive\デスクトップ\gp\gameprogramming\ゲームプログラミング実習2021\gameprogramming\cmodelx.h(180): warning C4018: '<' : signed と unsigned の数値を比較しようとしました。
     1>c:\users\81803\onedrive\デスクトップ\gp\gameprogramming\ゲームプログラミング実習2021\gameprogramming\cmodel.cpp(186): warning C4018: '<' : signed と unsigned の数値を比較しようとしました。
     1>c:\users\81803\onedrive\デスクトップ\gp\gameprogramming\ゲームプログラミング実習2021\gameprogramming\cmodel.cpp(188): warning C4018: '<' : signed と unsigned の数値を比較しようとしました。
     1>c:\users\81803\onedrive\デスクトップ\gp\gameprogramming\ゲームプログラミング実習2021\gameprogramming\cmodel.cpp(231): warning C4018: '<' : signed と unsigned の数値を比較しようとしました。
     1>c:\users\81803\onedrive\デスクトップ\gp\gameprogramming\ゲームプログラミング実習2021\gameprogramming\cmodel.cpp(243): warning C4018: '<' : signed と unsigned の数値を比較しようとしました。
     1>c:\users\81803\onedrive\デスクトップ\gp\gameprogramming\ゲームプログラミング実習2021\gameprogramming\cmodel.cpp(284): warning C4018: '<' : signed と unsigned の数値を比較しようとしました。
         コードを生成中...
         コンパイル中...
         CPlayer.cpp
     1>c:\users\81803\onedrive\デスクトップ\gp\gameprogramming\ゲームプログラミング実習2021\gameprogramming\cmodelx.h(72): warning C4018: '<' : signed と unsigned の数値を比較しようとしました。
     1>c:\users\81803\onedrive\デスクトップ\gp\gameprogramming\ゲームプログラミング実習2021\gameprogramming\cmodelx.h(115): error C2143: 構文エラー : ';' が '*' の前にありません。
     1>c:\users\81803\onedrive\デスクトップ\gp\gameprogramming\ゲームプログラミング実習2021\gameprogramming\cmodelx.h(115): error C4430: 型指定子がありません - int と仮定しました。メモ: C++ は int を既定値としてサポートしていません
     1>c:\users\81803\onedrive\デスクトップ\gp\gameprogramming\ゲームプログラミング実習2021\gameprogramming\cmodelx.h(124): error C2065: 'mpKey' : 定義されていない識別子です。
     1>c:\users\81803\onedrive\デスクトップ\gp\gameprogramming\ゲームプログラミング実習2021\gameprogramming\cmodelx.h(124): error C2541: 'delete' : ポインターではないオブジェクトを削除することはできません。
     1>c:\users\81803\onedrive\デスクトップ\gp\gameprogramming\ゲームプログラミング実習2021\gameprogramming\cmodelx.h(146): warning C4018: '<' : signed と unsigned の数値を比較しようとしました。
     1>c:\users\81803\onedrive\デスクトップ\gp\gameprogramming\ゲームプログラミング実習2021\gameprogramming\cmodelx.h(180): warning C4018: '<' : signed と unsigned の数値を比較しようとしました。
         コードを生成中...
         コンパイル中...
         CRes.cpp
     1>c:\users\81803\onedrive\デスクトップ\gp\gameprogramming\ゲームプログラミング実習2021\gameprogramming\cmodelx.h(72): warning C4018: '<' : signed と unsigned の数値を比較しようとしました。
     1>c:\users\81803\onedrive\デスクトップ\gp\gameprogramming\ゲームプログラミング実習2021\gameprogramming\cmodelx.h(115): error C2143: 構文エラー : ';' が '*' の前にありません。
     1>c:\users\81803\onedrive\デスクトップ\gp\gameprogramming\ゲームプログラミング実習2021\gameprogramming\cmodelx.h(115): error C4430: 型指定子がありません - int と仮定しました。メモ: C++ は int を既定値としてサポートしていません
     1>c:\users\81803\onedrive\デスクトップ\gp\gameprogramming\ゲームプログラミング実習2021\gameprogramming\cmodelx.h(124): error C2065: 'mpKey' : 定義されていない識別子です。
     1>c:\users\81803\onedrive\デスクトップ\gp\gameprogramming\ゲームプログラミング実習2021\gameprogramming\cmodelx.h(124): error C2541: 'delete' : ポインターではないオブジェクトを削除することはできません。
     1>c:\users\81803\onedrive\デスクトップ\gp\gameprogramming\ゲームプログラミング実習2021\gameprogramming\cmodelx.h(146): warning C4018: '<' : signed と unsigned の数値を比較しようとしました。
     1>c:\users\81803\onedrive\デスクトップ\gp\gameprogramming\ゲームプログラミング実習2021\gameprogramming\cmodelx.h(180): warning C4018: '<' : signed と unsigned の数値を比較しようとしました。
         コードを生成中...
         コンパイル中...
         CSceneGame.cpp
     1>c:\users\81803\onedrive\デスクトップ\gp\gameprogramming\ゲームプログラミング実習2021\gameprogramming\cmodelx.h(72): warning C4018: '<' : signed と unsigned の数値を比較しようとしました。
     1>c:\users\81803\onedrive\デスクトップ\gp\gameprogramming\ゲームプログラミング実習2021\gameprogramming\cmodelx.h(115): error C2143: 構文エラー : ';' が '*' の前にありません。
     1>c:\users\81803\onedrive\デスクトップ\gp\gameprogramming\ゲームプログラミング実習2021\gameprogramming\cmodelx.h(115): error C4430: 型指定子がありません - int と仮定しました。メモ: C++ は int を既定値としてサポートしていません
     1>c:\users\81803\onedrive\デスクトップ\gp\gameprogramming\ゲームプログラミング実習2021\gameprogramming\cmodelx.h(124): error C2065: 'mpKey' : 定義されていない識別子です。
     1>c:\users\81803\onedrive\デスクトップ\gp\gameprogramming\ゲームプログラミング実習2021\gameprogramming\cmodelx.h(124): error C2541: 'delete' : ポインターではないオブジェクトを削除することはできません。
     1>c:\users\81803\onedrive\デスクトップ\gp\gameprogramming\ゲームプログラミング実習2021\gameprogramming\cmodelx.h(146): warning C4018: '<' : signed と unsigned の数値を比較しようとしました。
     1>c:\users\81803\onedrive\デスクトップ\gp\gameprogramming\ゲームプログラミング実習2021\gameprogramming\cmodelx.h(180): warning C4018: '<' : signed と unsigned の数値を比較しようとしました。
         コードを生成中...
     1>プロジェクト "C:\Users\81803\OneDrive\デスクトップ\GP\GameProgramming\ゲームプログラミング実習2021\GameProgramming\GameProgramming.vcxproj" (Build ターゲット) のビルドが終了しました -- 失敗。

ビルドに失敗しました。

経過時間 00:00:06.46
